<?xml version="1.0" encoding="UTF-8"?>
<coverage generated="1538369307839" clover="3.2.0">
  <project timestamp="1538369307839" name="All files">
    <metrics statements="12" coveredstatements="3" conditionals="0" coveredconditionals="0" methods="5" coveredmethods="0" elements="17" coveredelements="3" complexity="0" loc="12" ncloc="12" packages="1" files="1" classes="1">
      <file name="Server.ts" path="/home/uncleseneca/work/create-soda-app/lib/templates/default/src/Server.ts">
        <metrics statements="12" coveredstatements="3" conditionals="0" coveredconditionals="0" methods="5" coveredmethods="0"/>
        <line num="1" count="1" type="stmt"/>
        <line num="3" count="1" type="stmt"/>
        <line num="7" count="0" type="stmt"/>
        <line num="9" count="0" type="stmt"/>
        <line num="10" count="0" type="stmt"/>
        <line num="12" count="1" type="stmt"/>
        <line num="13" count="0" type="stmt"/>
        <line num="14" count="0" type="stmt"/>
        <line num="16" count="0" type="stmt"/>
        <line num="24" count="0" type="stmt"/>
        <line num="26" count="0" type="stmt"/>
        <line num="28" count="0" type="stmt"/>
      </file>
    </metrics>
  </project>
</coverage>
